<?xml version="1.0" encoding="UTF-8" ?>
<testsuite tests="15" failures="0" name="com.cardfraud.AppTest" time="0.031" errors="0" skipped="0">
  <properties>
    <property name="java.runtime.name" value="Java(TM) SE Runtime Environment"/>
    <property name="java.vm.version" value="11.0.4+10-LTS"/>
    <property name="sun.boot.library.path" value="C:\Program Files\Java\jdk-11.0.4\bin"/>
    <property name="maven.multiModuleProjectDirectory" value="C:\Users\ramku\Downloads\AfterPay\AfterPayCodingExercise"/>
    <property name="java.vm.vendor" value="Oracle Corporation"/>
    <property name="java.vendor.url" value="http://java.oracle.com/"/>
    <property name="guice.disable.misplaced.annotation.check" value="true"/>
    <property name="path.separator" value=";"/>
    <property name="java.vm.name" value="Java HotSpot(TM) 64-Bit Server VM"/>
    <property name="sun.os.patch.level" value=""/>
    <property name="user.script" value=""/>
    <property name="user.country" value="IN"/>
    <property name="sun.java.launcher" value="SUN_STANDARD"/>
    <property name="java.vm.specification.name" value="Java Virtual Machine Specification"/>
    <property name="user.dir" value="C:\Users\ramku\Downloads\AfterPay\AfterPayCodingExercise"/>
    <property name="java.vm.compressedOopsMode" value="32-bit"/>
    <property name="java.runtime.version" value="11.0.4+10-LTS"/>
    <property name="java.awt.graphicsenv" value="sun.awt.Win32GraphicsEnvironment"/>
    <property name="os.arch" value="amd64"/>
    <property name="java.io.tmpdir" value="C:\Users\ramku\AppData\Local\Temp\"/>
    <property name="line.separator" value="
"/>
    <property name="java.vm.specification.vendor" value="Oracle Corporation"/>
    <property name="user.variant" value=""/>
    <property name="os.name" value="Windows 10"/>
    <property name="classworlds.conf" value="C:\Program Files\apache-maven-3.6.1\bin\..\bin\m2.conf"/>
    <property name="sun.jnu.encoding" value="Cp1252"/>
    <property name="java.library.path" value="C:\Program Files\Java\jdk-11.0.4\bin;C:\WINDOWS\Sun\Java\bin;C:\WINDOWS\system32;C:\WINDOWS;C:\app\ramku\product\18.0.0\dbhomeXE\bin;C:\Program Files (x86)\Intel\iCLS Client\;C:\Program Files\Intel\iCLS Client\;C:\WINDOWS\system32;C:\WINDOWS;C:\WINDOWS\System32\Wbem;C:\WINDOWS\System32\WindowsPowerShell\v1.0\;C:\Program Files (x86)\Intel\Intel(R) Management Engine Components\DAL;C:\Program Files\Intel\Intel(R) Management Engine Components\DAL;C:\Program Files (x86)\Intel\Intel(R) Management Engine Components\IPT;C:\Program Files\Intel\Intel(R) Management Engine Components\IPT;C:\WINDOWS\System32\OpenSSH\;C:\Program Files\dotnet\;C:\Program Files\nodejs\;C:\Program Files\apache-maven-3.6.1\bin;C:\Program Files\Java\jdk-11.0.4\bin;C:\Users\ramku\AppData\Local\Programs\Python\Python37;C:\Program Files\Git\cmd;C:\Users\ramku\AppData\Local\Microsoft\WindowsApps;C:\Users\ramku\AppData\Local\Programs\Microsoft VS Code\bin;C:\Program Files\JetBrains\IntelliJ IDEA 2019.1\bin;;C:\Users\ramku\AppData\Roaming\npm;&quot;C:\Program Files\Docker Toolbox;C:\Program Files\MongoDB\Server\4.2\bin&quot;;;."/>
    <property name="maven.conf" value="C:\Program Files\apache-maven-3.6.1\bin\../conf"/>
    <property name="jdk.debug" value="release"/>
    <property name="java.class.version" value="55.0"/>
    <property name="java.specification.name" value="Java Platform API Specification"/>
    <property name="sun.management.compiler" value="HotSpot 64-Bit Tiered Compilers"/>
    <property name="os.version" value="10.0"/>
    <property name="library.jansi.path" value="C:\Program Files\apache-maven-3.6.1\bin\..\lib\jansi-native"/>
    <property name="user.home" value="C:\Users\ramku"/>
    <property name="user.timezone" value="Australia/Brisbane"/>
    <property name="java.awt.printerjob" value="sun.awt.windows.WPrinterJob"/>
    <property name="file.encoding" value="Cp1252"/>
    <property name="java.specification.version" value="11"/>
    <property name="user.name" value="ramku"/>
    <property name="java.class.path" value="C:\Program Files\apache-maven-3.6.1\bin\..\boot\plexus-classworlds-2.6.0.jar"/>
    <property name="java.vm.specification.version" value="11"/>
    <property name="sun.arch.data.model" value="64"/>
    <property name="sun.java.command" value="org.codehaus.plexus.classworlds.launcher.Launcher clean package"/>
    <property name="java.home" value="C:\Program Files\Java\jdk-11.0.4"/>
    <property name="user.language" value="en"/>
    <property name="java.specification.vendor" value="Oracle Corporation"/>
    <property name="awt.toolkit" value="sun.awt.windows.WToolkit"/>
    <property name="java.vm.info" value="mixed mode"/>
    <property name="java.version" value="11.0.4"/>
    <property name="java.vendor" value="Oracle Corporation"/>
    <property name="sun.stderr.encoding" value="cp437"/>
    <property name="maven.home" value="C:\Program Files\apache-maven-3.6.1\bin\.."/>
    <property name="file.separator" value="\"/>
    <property name="java.version.date" value="2019-07-16"/>
    <property name="java.vendor.url.bug" value="http://bugreport.java.com/bugreport/"/>
    <property name="sun.io.unicode.encoding" value="UnicodeLittle"/>
    <property name="sun.cpu.endian" value="little"/>
    <property name="java.vendor.version" value="18.9"/>
    <property name="sun.stdout.encoding" value="cp437"/>
    <property name="sun.desktop" value="windows"/>
    <property name="sun.cpu.isalist" value="amd64"/>
  </properties>
  <testcase classname="com.cardfraud.AppTest" name="testDateTimeFormat" time="0.006"/>
  <testcase classname="com.cardfraud.AppTest" name="testCompareOnDay" time="0"/>
  <testcase classname="com.cardfraud.AppTest" name="testDateFormat" time="0"/>
  <testcase classname="com.cardfraud.AppTest" name="testParseFileWithMalformattedAmount" time="0.011"/>
  <testcase classname="com.cardfraud.AppTest" name="testAddSimpleTransactionWithoutFraudOnThatDay" time="0.004"/>
  <testcase classname="com.cardfraud.AppTest" name="testAddTwoTransactionFromSameCardWithFraud" time="0.001"/>
  <testcase classname="com.cardfraud.AppTest" name="testAddSimpleTransactionWithoutFraudOnGivenDay" time="0.001"/>
  <testcase classname="com.cardfraud.AppTest" name="testAddTwoTransactionWithFraudDisplayName" time="0"/>
  <testcase classname="com.cardfraud.AppTest" name="testAddTwoTransactionWithFraud" time="0.001"/>
  <testcase classname="com.cardfraud.AppTest" name="testParseFileWithTwoTransaction" time="0.001"/>
  <testcase classname="com.cardfraud.AppTest" name="testParseSingleLine" time="0.001"/>
  <testcase classname="com.cardfraud.AppTest" name="testGlobalDetection" time="0.003"/>
  <testcase classname="com.cardfraud.AppTest" name="testAddSimpleTransactionWithFraud" time="0"/>
  <testcase classname="com.cardfraud.AppTest" name="testParseFileWithWrongFilePath" time="0.001"/>
  <testcase classname="com.cardfraud.AppTest" name="testParseFileWithDateMalformatted" time="0.001"/>
</testsuite>